<?xml version="1.0" encoding="UTF-8"?>
<!-- Generated by org.testng.reporters.JUnitReportReporter -->
<testsuite skipped="0" hostname="LAPTOP-0M19BBRA" name="Regularization" tests="1" failures="0" timestamp="2020-06-29T01:07:52 IST" time="420.331" errors="0">
  <testcase name="OnMe" time="420.331" classname="Regularization"/>
  <system-out/>
</testsuite> <!-- Regularization -->
